Determining if the pthread_create exist failed with the following output:
Change Dir: /home/giorgi/Documents/DijkstraNew/kpqueue/build/CMakeFiles/CMakeTmp

Run Build Command:"/usr/bin/make" "cmTC_51ac3/fast"
make[1]: Entering directory '/home/giorgi/Documents/DijkstraNew/kpqueue/build/CMakeFiles/CMakeTmp'
/usr/bin/make -f CMakeFiles/cmTC_51ac3.dir/build.make CMakeFiles/cmTC_51ac3.dir/build
make[2]: Entering directory '/home/giorgi/Documents/DijkstraNew/kpqueue/build/CMakeFiles/CMakeTmp'
Building C object CMakeFiles/cmTC_51ac3.dir/CheckSymbolExists.c.o
/usr/bin/cc     -o CMakeFiles/cmTC_51ac3.dir/CheckSymbolExists.c.o   -c /home/giorgi/Documents/DijkstraNew/kpqueue/build/CMakeFiles/CMakeTmp/CheckSymbolExists.c
Linking C executable cmTC_51ac3
/usr/bin/cmake -E cmake_link_script CMakeFiles/cmTC_51ac3.dir/link.txt --verbose=1
/usr/bin/cc       CMakeFiles/cmTC_51ac3.dir/CheckSymbolExists.c.o  -o cmTC_51ac3 -rdynamic 
CMakeFiles/cmTC_51ac3.dir/CheckSymbolExists.c.o: In function `main':
CheckSymbolExists.c:(.text+0x16): undefined reference to `pthread_create'
collect2: error: ld returned 1 exit status
CMakeFiles/cmTC_51ac3.dir/build.make:97: recipe for target 'cmTC_51ac3' failed
make[2]: *** [cmTC_51ac3] Error 1
make[2]: Leaving directory '/home/giorgi/Documents/DijkstraNew/kpqueue/build/CMakeFiles/CMakeTmp'
Makefile:126: recipe for target 'cmTC_51ac3/fast' failed
make[1]: *** [cmTC_51ac3/fast] Error 2
make[1]: Leaving directory '/home/giorgi/Documents/DijkstraNew/kpqueue/build/CMakeFiles/CMakeTmp'

File /home/giorgi/Documents/DijkstraNew/kpqueue/build/CMakeFiles/CMakeTmp/CheckSymbolExists.c:
/* */
#include <pthread.h>

int main(int argc, char** argv)
{
  (void)argv;
#ifndef pthread_create
  return ((int*)(&pthread_create))[argc];
#else
  (void)argc;
  return 0;
#endif
}

Determining if the function pthread_create exists in the pthreads failed with the following output:
Change Dir: /home/giorgi/Documents/DijkstraNew/kpqueue/build/CMakeFiles/CMakeTmp

Run Build Command:"/usr/bin/make" "cmTC_397b7/fast"
make[1]: Entering directory '/home/giorgi/Documents/DijkstraNew/kpqueue/build/CMakeFiles/CMakeTmp'
/usr/bin/make -f CMakeFiles/cmTC_397b7.dir/build.make CMakeFiles/cmTC_397b7.dir/build
make[2]: Entering directory '/home/giorgi/Documents/DijkstraNew/kpqueue/build/CMakeFiles/CMakeTmp'
Building C object CMakeFiles/cmTC_397b7.dir/CheckFunctionExists.c.o
/usr/bin/cc    -DCHECK_FUNCTION_EXISTS=pthread_create   -o CMakeFiles/cmTC_397b7.dir/CheckFunctionExists.c.o   -c /usr/share/cmake-3.5/Modules/CheckFunctionExists.c
Linking C executable cmTC_397b7
/usr/bin/cmake -E cmake_link_script CMakeFiles/cmTC_397b7.dir/link.txt --verbose=1
/usr/bin/cc   -DCHECK_FUNCTION_EXISTS=pthread_create    CMakeFiles/cmTC_397b7.dir/CheckFunctionExists.c.o  -o cmTC_397b7 -rdynamic -lpthreads 
/usr/bin/ld: cannot find -lpthreads
collect2: error: ld returned 1 exit status
CMakeFiles/cmTC_397b7.dir/build.make:97: recipe for target 'cmTC_397b7' failed
make[2]: *** [cmTC_397b7] Error 1
make[2]: Leaving directory '/home/giorgi/Documents/DijkstraNew/kpqueue/build/CMakeFiles/CMakeTmp'
Makefile:126: recipe for target 'cmTC_397b7/fast' failed
make[1]: *** [cmTC_397b7/fast] Error 2
make[1]: Leaving directory '/home/giorgi/Documents/DijkstraNew/kpqueue/build/CMakeFiles/CMakeTmp'


